  TetrisPiece.cpp
c:\users\user\desktop\pp2\tetris\tetrispiece.cpp(22): warning C4244: '=': conversion from 'int' to 'float', possible loss of data
c:\users\user\desktop\pp2\tetris\tetrispiece.cpp(28): warning C4244: '=': conversion from 'int' to 'float', possible loss of data
c:\users\user\desktop\pp2\tetris\tetrispiece.cpp(53): warning C4244: '=': conversion from 'int' to 'float', possible loss of data
c:\users\user\desktop\pp2\tetris\tetrispiece.cpp(63): warning C4244: '=': conversion from 'int' to 'float', possible loss of data
c:\users\user\desktop\pp2\tetris\tetrispiece.cpp(72): warning C4244: '=': conversion from 'int' to 'float', possible loss of data
c:\users\user\desktop\pp2\tetris\tetrispiece.cpp(77): warning C4244: '=': conversion from 'int' to 'float', possible loss of data
c:\users\user\desktop\pp2\tetris\tetrispiece.cpp(84): warning C4244: '=': conversion from 'int' to 'float', possible loss of data
c:\users\user\desktop\pp2\tetris\tetrispiece.cpp(89): warning C4244: '=': conversion from 'int' to 'float', possible loss of data
c:\users\user\desktop\pp2\tetris\tetrispiece.cpp(184): warning C4244: 'initializing': conversion from 'float' to 'int', possible loss of data
c:\users\user\desktop\pp2\tetris\tetrispiece.cpp(185): warning C4244: 'initializing': conversion from 'float' to 'int', possible loss of data
c:\users\user\desktop\pp2\tetris\tetrispiece.cpp(272): warning C4244: '=': conversion from 'double' to 'float', possible loss of data
c:\users\user\desktop\pp2\tetris\tetrispiece.cpp(273): warning C4244: '=': conversion from 'double' to 'float', possible loss of data
c:\users\user\desktop\pp2\tetris\tetrispiece.cpp(274): warning C4244: 'initializing': conversion from 'float' to 'int', possible loss of data
c:\users\user\desktop\pp2\tetris\tetrispiece.cpp(275): warning C4244: 'initializing': conversion from 'float' to 'int', possible loss of data
c:\users\user\desktop\pp2\tetris\tetrispiece.cpp(276): warning C4244: '=': conversion from 'int' to 'float', possible loss of data
c:\users\user\desktop\pp2\tetris\tetrispiece.cpp(277): warning C4244: '=': conversion from 'int' to 'float', possible loss of data
c:\users\user\desktop\pp2\tetris\tetrispiece.cpp(280): warning C4305: '+=': truncation from 'double' to 'float'
c:\users\user\desktop\pp2\tetris\tetrispiece.cpp(287): warning C4244: '=': conversion from 'double' to 'float', possible loss of data
c:\users\user\desktop\pp2\tetris\tetrispiece.cpp(288): warning C4244: '=': conversion from 'double' to 'float', possible loss of data
c:\users\user\desktop\pp2\tetris\tetrispiece.cpp(289): warning C4244: 'initializing': conversion from 'float' to 'int', possible loss of data
c:\users\user\desktop\pp2\tetris\tetrispiece.cpp(290): warning C4244: 'initializing': conversion from 'float' to 'int', possible loss of data
c:\users\user\desktop\pp2\tetris\tetrispiece.cpp(291): warning C4244: '=': conversion from 'int' to 'float', possible loss of data
c:\users\user\desktop\pp2\tetris\tetrispiece.cpp(292): warning C4244: '=': conversion from 'int' to 'float', possible loss of data
c:\users\user\desktop\pp2\tetris\tetrispiece.cpp(298): warning C4244: 'initializing': conversion from 'float' to 'int', possible loss of data
c:\users\user\desktop\pp2\tetris\tetrispiece.cpp(299): warning C4244: 'initializing': conversion from 'float' to 'int', possible loss of data
c:\users\user\desktop\pp2\tetris\tetrispiece.cpp(300): warning C4244: '=': conversion from 'int' to 'float', possible loss of data
c:\users\user\desktop\pp2\tetris\tetrispiece.cpp(301): warning C4244: '=': conversion from 'int' to 'float', possible loss of data
c:\users\user\desktop\pp2\tetris\tetrispiece.cpp(316): warning C4244: 'initializing': conversion from 'float' to 'int', possible loss of data
c:\users\user\desktop\pp2\tetris\tetrispiece.cpp(317): warning C4244: 'initializing': conversion from 'float' to 'int', possible loss of data
c:\users\user\desktop\pp2\tetris\tetrispiece.cpp(325): warning C4996: 'fopen': This function or variable may be unsafe. Consider using fopen_s instead. To disable deprecation, use _CRT_SECURE_NO_WARNINGS. See online help for details.
  c:\program files (x86)\windows kits\10\include\10.0.10240.0\ucrt\stdio.h(205): note: see declaration of 'fopen'
c:\users\user\desktop\pp2\tetris\tetrispiece.cpp(353): warning C4477: 'fprintf' : format string '%f' requires an argument of type 'double', but variadic argument 1 has type 'int'
c:\users\user\desktop\pp2\tetris\tetrispiece.cpp(353): warning C4477: 'fprintf' : format string '%f' requires an argument of type 'double', but variadic argument 2 has type 'int'
c:\users\user\desktop\pp2\tetris\tetrispiece.cpp(363): warning C4996: 'fopen': This function or variable may be unsafe. Consider using fopen_s instead. To disable deprecation, use _CRT_SECURE_NO_WARNINGS. See online help for details.
  c:\program files (x86)\windows kits\10\include\10.0.10240.0\ucrt\stdio.h(205): note: see declaration of 'fopen'
c:\users\user\desktop\pp2\tetris\tetrispiece.cpp(365): warning C4477: 'fscanf' : format string '%d' requires an argument of type 'int *', but variadic argument 1 has type 'int'
c:\users\user\desktop\pp2\tetris\tetrispiece.cpp(365): warning C4477: 'fscanf' : format string '%d' requires an argument of type 'int *', but variadic argument 2 has type 'int'
c:\users\user\desktop\pp2\tetris\tetrispiece.cpp(365): warning C4477: 'fscanf' : format string '%f' requires an argument of type 'float *', but variadic argument 3 has type 'double'
c:\users\user\desktop\pp2\tetris\tetrispiece.cpp(365): warning C4477: 'fscanf' : format string '%f' requires an argument of type 'float *', but variadic argument 4 has type 'double'
c:\users\user\desktop\pp2\tetris\tetrispiece.cpp(365): warning C4477: 'fscanf' : format string '%f' requires an argument of type 'float *', but variadic argument 5 has type 'double'
c:\users\user\desktop\pp2\tetris\tetrispiece.cpp(365): warning C4477: 'fscanf' : format string '%f' requires an argument of type 'float *', but variadic argument 6 has type 'double'
c:\users\user\desktop\pp2\tetris\tetrispiece.cpp(365): warning C4996: 'fscanf': This function or variable may be unsafe. Consider using fscanf_s instead. To disable deprecation, use _CRT_SECURE_NO_WARNINGS. See online help for details.
  c:\program files (x86)\windows kits\10\include\10.0.10240.0\ucrt\stdio.h(1193): note: see declaration of 'fscanf'
c:\users\user\desktop\pp2\tetris\tetrispiece.cpp(373): warning C4477: 'fscanf' : format string '%f' requires an argument of type 'float *', but variadic argument 1 has type 'double'
c:\users\user\desktop\pp2\tetris\tetrispiece.cpp(373): warning C4477: 'fscanf' : format string '%d' requires an argument of type 'int *', but variadic argument 2 has type 'int'
c:\users\user\desktop\pp2\tetris\tetrispiece.cpp(373): warning C4477: 'fscanf' : format string '%d' requires an argument of type 'int *', but variadic argument 3 has type 'int'
c:\users\user\desktop\pp2\tetris\tetrispiece.cpp(373): warning C4996: 'fscanf': This function or variable may be unsafe. Consider using fscanf_s instead. To disable deprecation, use _CRT_SECURE_NO_WARNINGS. See online help for details.
  c:\program files (x86)\windows kits\10\include\10.0.10240.0\ucrt\stdio.h(1193): note: see declaration of 'fscanf'
c:\users\user\desktop\pp2\tetris\tetrispiece.cpp(380): warning C4477: 'fscanf' : format string '%f' requires an argument of type 'float *', but variadic argument 1 has type 'double'
c:\users\user\desktop\pp2\tetris\tetrispiece.cpp(380): warning C4477: 'fscanf' : format string '%f' requires an argument of type 'float *', but variadic argument 2 has type 'double'
c:\users\user\desktop\pp2\tetris\tetrispiece.cpp(380): warning C4996: 'fscanf': This function or variable may be unsafe. Consider using fscanf_s instead. To disable deprecation, use _CRT_SECURE_NO_WARNINGS. See online help for details.
  c:\program files (x86)\windows kits\10\include\10.0.10240.0\ucrt\stdio.h(1193): note: see declaration of 'fscanf'
c:\users\user\desktop\pp2\tetris\tetrispiece.cpp(382): warning C4996: 'fscanf': This function or variable may be unsafe. Consider using fscanf_s instead. To disable deprecation, use _CRT_SECURE_NO_WARNINGS. See online help for details.
  c:\program files (x86)\windows kits\10\include\10.0.10240.0\ucrt\stdio.h(1193): note: see declaration of 'fscanf'
c:\users\user\desktop\pp2\tetris\tetrispiece.cpp(388): warning C4477: 'fscanf' : format string '%f' requires an argument of type 'float *', but variadic argument 1 has type 'double'
c:\users\user\desktop\pp2\tetris\tetrispiece.cpp(388): warning C4477: 'fscanf' : format string '%f' requires an argument of type 'float *', but variadic argument 2 has type 'double'
c:\users\user\desktop\pp2\tetris\tetrispiece.cpp(388): warning C4996: 'fscanf': This function or variable may be unsafe. Consider using fscanf_s instead. To disable deprecation, use _CRT_SECURE_NO_WARNINGS. See online help for details.
  c:\program files (x86)\windows kits\10\include\10.0.10240.0\ucrt\stdio.h(1193): note: see declaration of 'fscanf'
c:\users\user\desktop\pp2\tetris\tetrispiece.cpp(391): warning C4477: 'fscanf' : format string '%f' requires an argument of type 'float *', but variadic argument 1 has type 'int'
c:\users\user\desktop\pp2\tetris\tetrispiece.cpp(391): warning C4477: 'fscanf' : format string '%f' requires an argument of type 'float *', but variadic argument 2 has type 'int'
c:\users\user\desktop\pp2\tetris\tetrispiece.cpp(391): warning C4996: 'fscanf': This function or variable may be unsafe. Consider using fscanf_s instead. To disable deprecation, use _CRT_SECURE_NO_WARNINGS. See online help for details.
  c:\program files (x86)\windows kits\10\include\10.0.10240.0\ucrt\stdio.h(1193): note: see declaration of 'fscanf'
c:\users\user\desktop\pp2\tetris\tetrispiece.cpp(394): warning C4996: 'fscanf': This function or variable may be unsafe. Consider using fscanf_s instead. To disable deprecation, use _CRT_SECURE_NO_WARNINGS. See online help for details.
  c:\program files (x86)\windows kits\10\include\10.0.10240.0\ucrt\stdio.h(1193): note: see declaration of 'fscanf'
  main.cpp
c:\users\user\desktop\pp2\tetris\main.cpp(109): warning C4244: 'argument': conversion from 'double' to 'float', possible loss of data
c:\users\user\desktop\pp2\tetris\main.cpp(110): warning C4244: 'argument': conversion from 'double' to 'float', possible loss of data
c:\users\user\desktop\pp2\tetris\main.cpp(112): warning C4244: 'argument': conversion from 'double' to 'float', possible loss of data
c:\users\user\desktop\pp2\tetris\main.cpp(113): warning C4244: 'argument': conversion from 'double' to 'float', possible loss of data
c:\users\user\desktop\pp2\tetris\main.cpp(131): warning C4996: 'sprintf': This function or variable may be unsafe. Consider using sprintf_s instead. To disable deprecation, use _CRT_SECURE_NO_WARNINGS. See online help for details.
  c:\program files (x86)\windows kits\10\include\10.0.10240.0\ucrt\stdio.h(1769): note: see declaration of 'sprintf'
c:\users\user\desktop\pp2\tetris\main.cpp(133): warning C4996: 'sprintf': This function or variable may be unsafe. Consider using sprintf_s instead. To disable deprecation, use _CRT_SECURE_NO_WARNINGS. See online help for details.
  c:\program files (x86)\windows kits\10\include\10.0.10240.0\ucrt\stdio.h(1769): note: see declaration of 'sprintf'
c:\users\user\desktop\pp2\tetris\main.cpp(137): warning C4996: 'sprintf': This function or variable may be unsafe. Consider using sprintf_s instead. To disable deprecation, use _CRT_SECURE_NO_WARNINGS. See online help for details.
  c:\program files (x86)\windows kits\10\include\10.0.10240.0\ucrt\stdio.h(1769): note: see declaration of 'sprintf'
c:\users\user\desktop\pp2\tetris\main.cpp(26): warning C4101: 'eti': unreferenced local variable
  ImageLoaders.cpp
  DrawFunctions.cpp
  TetrisBlock.cpp
c:\users\user\desktop\pp2\tetris\tetrisblock.cpp(44): warning C4244: 'initializing': conversion from 'float' to 'int', possible loss of data
c:\users\user\desktop\pp2\tetris\tetrisblock.cpp(45): warning C4244: 'initializing': conversion from 'float' to 'int', possible loss of data
  Map.cpp
c:\users\user\desktop\pp2\tetris\map.cpp(22): warning C4244: '=': conversion from 'int' to 'float', possible loss of data
c:\users\user\desktop\pp2\tetris\map.cpp(31): warning C4244: '=': conversion from 'int' to 'float', possible loss of data
c:\users\user\desktop\pp2\tetris\map.cpp(37): warning C4244: '=': conversion from 'int' to 'float', possible loss of data
c:\users\user\desktop\pp2\tetris\map.cpp(46): warning C4244: 'initializing': conversion from 'float' to 'int', possible loss of data
c:\users\user\desktop\pp2\tetris\map.cpp(48): warning C4244: '=': conversion from 'int' to 'float', possible loss of data
c:\users\user\desktop\pp2\tetris\map.cpp(49): warning C4244: 'initializing': conversion from 'float' to 'int', possible loss of data
c:\users\user\desktop\pp2\tetris\map.cpp(51): warning C4244: '=': conversion from 'int' to 'float', possible loss of data
c:\users\user\desktop\pp2\tetris\map.cpp(62): warning C4244: 'initializing': conversion from 'float' to 'int', possible loss of data
c:\users\user\desktop\pp2\tetris\map.cpp(63): warning C4244: 'initializing': conversion from 'float' to 'int', possible loss of data
c:\users\user\desktop\pp2\tetris\map.cpp(107): warning C4244: '+=': conversion from 'float' to 'int', possible loss of data
c:\users\user\desktop\pp2\tetris\map.cpp(110): warning C4244: '+=': conversion from 'float' to 'int', possible loss of data
c:\users\user\desktop\pp2\tetris\map.cpp(113): warning C4244: '+=': conversion from 'float' to 'int', possible loss of data
c:\users\user\desktop\pp2\tetris\map.cpp(118): warning C4244: '+=': conversion from 'float' to 'int', possible loss of data
c:\users\user\desktop\pp2\tetris\map.cpp(120): warning C4244: '+=': conversion from 'float' to 'int', possible loss of data
  GameState.cpp
  Generating Code...
  projekt2vs10.vcxproj -> C:\Users\User\Desktop\pp2\Tetris\Debug\projekt2vs10.exe
  projekt2vs10.vcxproj -> C:\Users\User\Desktop\pp2\Tetris\Debug\projekt2vs10.pdb (Full PDB)
  C:\Users\User\Desktop\pp2\Tetris\sdl\winlib\*.dll 
  Nie można odnaleźć określonego pliku.
          0 file(s) copied.
  C:\Users\User\Desktop\pp2\Tetris\cs8x8.bmp
  C:\Users\User\Desktop\pp2\Tetris\eti.bmp
          2 file(s) copied.
