c:\users\user\desktop\tetris\debug\vc140.pdb
c:\users\user\desktop\tetris\debug\vc140.idb
c:\users\user\desktop\tetris\debug\gamestate.obj
c:\users\user\desktop\tetris\debug\map.obj
c:\users\user\desktop\tetris\debug\drawfunctions.obj
c:\users\user\desktop\tetris\debug\imageloaders.obj
c:\users\user\desktop\tetris\debug\main.obj
c:\users\user\desktop\tetris\debug\tetrispiece.obj
c:\users\user\desktop\tetris\debug\tetrisblock.obj
c:\users\user\desktop\tetris\debug\projekt2vs10.ilk
c:\users\user\desktop\tetris\debug\projekt2vs10.exe
c:\users\user\desktop\tetris\debug\projekt2vs10.pdb
c:\users\user\desktop\tetris\debug\vc120.idb
c:\users\user\desktop\tetris\debug\vc120.pdb
c:\users\user\desktop\tetris\debug\projekt2vs10.tlog\cl.command.1.tlog
c:\users\user\desktop\tetris\debug\projekt2vs10.tlog\cl.read.1.tlog
c:\users\user\desktop\tetris\debug\projekt2vs10.tlog\cl.write.1.tlog
c:\users\user\desktop\tetris\debug\projekt2vs10.tlog\link.command.1.tlog
c:\users\user\desktop\tetris\debug\projekt2vs10.tlog\link.read.1.tlog
c:\users\user\desktop\tetris\debug\projekt2vs10.tlog\link.write.1.tlog
